#
# There is insufficient memory for the Java Runtime Environment to continue.
# Native memory allocation (malloc) failed to allocate 32505856 bytes for committing reserved memory.
# Possible reasons:
#   The system is out of physical RAM or swap space
#   In 32 bit mode, the process size limit was hit
# Possible solutions:
#   Reduce memory load on the system
#   Increase physical memory or swap space
#   Check if swap backing store is full
#   Use 64 bit Java on a 64 bit OS
#   Decrease Java heap size (-Xmx/-Xms)
#   Decrease number of Java threads
#   Decrease Java thread stack sizes (-Xss)
#   Set larger code cache with -XX:ReservedCodeCacheSize=
# This output file may be truncated or incomplete.
#
#  Out of Memory Error (os_linux.cpp:2798), pid=7513, tid=140046074083072
#
# JRE version: OpenJDK Runtime Environment (7.0_65-b32) (build 1.7.0_65-b32)
# Java VM: OpenJDK 64-Bit Server VM (24.65-b04 mixed mode linux-amd64 compressed oops)
# Derivative: IcedTea 2.5.3
# Distribution: Ubuntu 14.04 LTS, package 7u71-2.5.3-0ubuntu0.14.04.1
# Failed to write core dump. Core dumps have been disabled. To enable core dumping, try "ulimit -c unlimited" before starting Java again
#

---------------  T H R E A D  ---------------

Current thread (0x00007f5f08076000):  VMThread [stack: 0x00007f5f046f7000,0x00007f5f047f8000] [id=7523]

Stack: [0x00007f5f046f7000,0x00007f5f047f8000],  sp=0x00007f5f047f6490,  free space=1021k
Native frames: (J=compiled Java code, j=interpreted, Vv=VM code, C=native code)
V  [libjvm.so+0x948b05]  VMError::report_and_die()+0x175
V  [libjvm.so+0x48bc34]  report_vm_out_of_memory(char const*, int, unsigned long, char const*)+0x74
V  [libjvm.so+0x7c7bfb]  os::pd_commit_memory(char*, unsigned long, unsigned long, bool)+0xeb
V  [libjvm.so+0x7c26bf]  os::commit_memory(char*, unsigned long, unsigned long, bool)+0x1f
V  [libjvm.so+0x833e4b]  PSVirtualSpace::expand_by(unsigned long)+0x5b
V  [libjvm.so+0x834ca0]  PSYoungGen::resize_generation(unsigned long, unsigned long)+0xb0
V  [libjvm.so+0x83538b]  PSYoungGen::resize(unsigned long, unsigned long)+0x1b
V  [libjvm.so+0x831670]  PSScavenge::invoke_no_policy()+0xde0
V  [libjvm.so+0x831e48]  PSScavenge::invoke()+0x38
V  [libjvm.so+0x7e8823]  ParallelScavengeHeap::failed_mem_allocate(unsigned long)+0x63
V  [libjvm.so+0x94a504]  VM_ParallelGCFailedAllocation::doit()+0x84
V  [libjvm.so+0x94e9f7]  VM_Operation::evaluate()+0x47
V  [libjvm.so+0x94d368]  VMThread::evaluate_operation(VM_Operation*)+0x318
V  [libjvm.so+0x94d7c9]  VMThread::loop()+0x219
V  [libjvm.so+0x94dc12]  VMThread::run()+0x72
V  [libjvm.so+0x7c4ac2]  java_start(Thread*)+0xf2

VM_Operation (0x00007f5f109e0630): ParallelGCFailedAllocation, mode: safepoint, requested by thread 0x00007f5f0800a800


---------------  P R O C E S S  ---------------

Java Threads: ( => current thread )
  0x00007f5f080b1000 JavaThread "Service Thread" daemon [_thread_blocked, id=7529, stack(0x00007f5effdfe000,0x00007f5effeff000)]
  0x00007f5f080ae800 JavaThread "C2 CompilerThread1" daemon [_thread_in_native, id=7528, stack(0x00007f5effeff000,0x00007f5f00000000)]
  0x00007f5f080ab800 JavaThread "C2 CompilerThread0" daemon [_thread_blocked, id=7527, stack(0x00007f5f0402a000,0x00007f5f0412b000)]
  0x00007f5f080a9800 JavaThread "Signal Dispatcher" daemon [_thread_blocked, id=7526, stack(0x00007f5f0412b000,0x00007f5f0422c000)]
  0x00007f5f0807c000 JavaThread "Finalizer" daemon [_thread_blocked, id=7525, stack(0x00007f5f044f5000,0x00007f5f045f6000)]
  0x00007f5f0807a000 JavaThread "Reference Handler" daemon [_thread_blocked, id=7524, stack(0x00007f5f045f6000,0x00007f5f046f7000)]
  0x00007f5f0800a800 JavaThread "main" [_thread_blocked, id=7518, stack(0x00007f5f108e1000,0x00007f5f109e2000)]

Other Threads:
=>0x00007f5f08076000 VMThread [stack: 0x00007f5f046f7000,0x00007f5f047f8000] [id=7523]
  0x00007f5f080bb800 WatcherThread [stack: 0x00007f5effcfd000,0x00007f5effdfe000] [id=7530]

VM state:at safepoint (normal execution)

VM Mutex/Monitor currently owned by a thread:  ([mutex/lock_event])
[0x00007f5f08006e50] Threads_lock - owner thread: 0x00007f5f08076000
[0x00007f5f08007350] Heap_lock - owner thread: 0x00007f5f0800a800

Heap
 PSYoungGen      total 34304K, used 2530K [0x00000000eaa80000, 0x00000000ece80000, 0x0000000100000000)
  eden space 31744K, 0% used [0x00000000eaa80000,0x00000000eaa80000,0x00000000ec980000)
  from space 2560K, 98% used [0x00000000ec980000,0x00000000ecbf89d8,0x00000000ecc00000)
  to   space 2560K, 0% used [0x00000000ecc00000,0x00000000ecc00000,0x00000000ece80000)
 ParOldGen       total 40960K, used 10985K [0x00000000c0000000, 0x00000000c2800000, 0x00000000eaa80000)
  object space 40960K, 26% used [0x00000000c0000000,0x00000000c0aba5e0,0x00000000c2800000)
 PSPermGen       total 21504K, used 6918K [0x00000000b5a00000, 0x00000000b6f00000, 0x00000000c0000000)
  object space 21504K, 32% used [0x00000000b5a00000,0x00000000b60c1ad0,0x00000000b6f00000)

Card table byte_map: [0x00007f5f0d2db000,0x00007f5f0d52f000] byte_map_base: 0x00007f5f0cd2e000

Polling page: 0x00007f5f10a09000

Code Cache  [0x00007f5f05000000, 0x00007f5f05270000, 0x00007f5f08000000)
 total_blobs=602 nmethods=354 adapters=202 free_code_cache=48194Kb largest_free_block=49314048

Compilation events (10 events):
Event: 5.549 Thread 0x00007f5f080ab800 nmethod 351 0x00007f5f050e45d0 code [0x00007f5f050e4700, 0x00007f5f050e4758]
Event: 5.549 Thread 0x00007f5f080ab800  352             com.android.dx.io.instructions.DecodedInstruction::getTarget (7 bytes)
Event: 5.549 Thread 0x00007f5f080ab800 nmethod 352 0x00007f5f050e4390 code [0x00007f5f050e44c0, 0x00007f5f050e4518]
Event: 5.549 Thread 0x00007f5f080ab800  353             com.android.dx.io.instructions.DecodedInstruction::getB (2 bytes)
Event: 5.549 Thread 0x00007f5f080ab800 nmethod 353 0x00007f5f050e92d0 code [0x00007f5f050e9400, 0x00007f5f050e9458]
Event: 5.549 Thread 0x00007f5f080ab800  354             com.android.dx.io.instructions.OneRegisterDecodedInstruction::getRegisterCount (2 bytes)
Event: 5.549 Thread 0x00007f5f080ab800 nmethod 354 0x00007f5f050e90d0 code [0x00007f5f050e9200, 0x00007f5f050e9258]
Event: 5.553 Thread 0x00007f5f080ab800  355             com.android.dex.Dex::readCode (28 bytes)
Event: 5.599 Thread 0x00007f5f080ab800 nmethod 355 0x00007f5f050f3810 code [0x00007f5f050f3bc0, 0x00007f5f050f5738]
Event: 5.599 Thread 0x00007f5f080ab800  356             com.android.dex.Dex$Section::access$900 (5 bytes)

GC Heap History (5 events):
Event: 4.048 GC heap before
{Heap before GC invocations=1 (full 0):
 PSYoungGen      total 18432K, used 15872K [0x00000000eaa80000, 0x00000000ebf00000, 0x0000000100000000)
  eden space 15872K, 100% used [0x00000000eaa80000,0x00000000eba00000,0x00000000eba00000)
  from space 2560K, 0% used [0x00000000ebc80000,0x00000000ebc80000,0x00000000ebf00000)
  to   space 2560K, 0% used [0x00000000eba00000,0x00000000eba00000,0x00000000ebc80000)
 ParOldGen       total 40960K, used 0K [0x00000000c0000000, 0x00000000c2800000, 0x00000000eaa80000)
  object space 40960K, 0% used [0x00000000c0000000,0x00000000c0000000,0x00000000c2800000)
 PSPermGen       total 21504K, used 5533K [0x00000000b5a00000, 0x00000000b6f00000, 0x00000000c0000000)
  object space 21504K, 25% used [0x00000000b5a00000,0x00000000b5f67628,0x00000000b6f00000)
Event: 4.125 GC heap after
Heap after GC invocations=1 (full 0):
 PSYoungGen      total 18432K, used 2552K [0x00000000eaa80000, 0x00000000ece80000, 0x0000000100000000)
  eden space 15872K, 0% used [0x00000000eaa80000,0x00000000eaa80000,0x00000000eba00000)
  from space 2560K, 99% used [0x00000000eba00000,0x00000000ebc7e180,0x00000000ebc80000)
  to   space 2560K, 0% used [0x00000000ecc00000,0x00000000ecc00000,0x00000000ece80000)
 ParOldGen       total 40960K, used 1831K [0x00000000c0000000, 0x00000000c2800000, 0x00000000eaa80000)
  object space 40960K, 4% used [0x00000000c0000000,0x00000000c01c9f00,0x00000000c2800000)
 PSPermGen       total 21504K, used 5533K [0x00000000b5a00000, 0x00000000b6f00000, 0x00000000c0000000)
  object space 21504K, 25% used [0x00000000b5a00000,0x00000000b5f67628,0x00000000b6f00000)
}
Event: 5.153 GC heap before
{Heap before GC invocations=2 (full 0):
 PSYoungGen      total 18432K, used 18424K [0x00000000eaa80000, 0x00000000ece80000, 0x0000000100000000)
  eden space 15872K, 100% used [0x00000000eaa80000,0x00000000eba00000,0x00000000eba00000)
  from space 2560K, 99% used [0x00000000eba00000,0x00000000ebc7e180,0x00000000ebc80000)
  to   space 2560K, 0% used [0x00000000ecc00000,0x00000000ecc00000,0x00000000ece80000)
 ParOldGen       total 40960K, used 1831K [0x00000000c0000000, 0x00000000c2800000, 0x00000000eaa80000)
  object space 40960K, 4% used [0x00000000c0000000,0x00000000c01c9f00,0x00000000c2800000)
 PSPermGen       total 21504K, used 6857K [0x00000000b5a00000, 0x00000000b6f00000, 0x00000000c0000000)
  object space 21504K, 31% used [0x00000000b5a00000,0x00000000b60b25d0,0x00000000b6f00000)
Event: 5.179 GC heap after
Heap after GC invocations=2 (full 0):
 PSYoungGen      total 34304K, used 2546K [0x00000000eaa80000, 0x00000000ece80000, 0x0000000100000000)
  eden space 31744K, 0% used [0x00000000eaa80000,0x00000000eaa80000,0x00000000ec980000)
  from space 2560K, 99% used [0x00000000ecc00000,0x00000000ece7c9e0,0x00000000ece80000)
  to   space 2560K, 0% used [0x00000000ec980000,0x00000000ec980000,0x00000000ecc00000)
 ParOldGen       total 40960K, used 5250K [0x00000000c0000000, 0x00000000c2800000, 0x00000000eaa80000)
  object space 40960K, 12% used [0x00000000c0000000,0x00000000c0520930,0x00000000c2800000)
 PSPermGen       total 21504K, used 6857K [0x00000000b5a00000, 0x00000000b6f00000, 0x00000000c0000000)
  object space 21504K, 31% used [0x00000000b5a00000,0x00000000b60b25d0,0x00000000b6f00000)
}
Event: 18.926 GC heap before
{Heap before GC invocations=3 (full 0):
 PSYoungGen      total 34304K, used 33799K [0x00000000eaa80000, 0x00000000ece80000, 0x0000000100000000)
  eden space 31744K, 98% used [0x00000000eaa80000,0x00000000ec905340,0x00000000ec980000)
  from space 2560K, 99% used [0x00000000ecc00000,0x00000000ece7c9e0,0x00000000ece80000)
  to   space 2560K, 0% used [0x00000000ec980000,0x00000000ec980000,0x00000000ecc00000)
 ParOldGen       total 40960K, used 5250K [0x00000000c0000000, 0x00000000c2800000, 0x00000000eaa80000)
  object space 40960K, 12% used [0x00000000c0000000,0x00000000c0520930,0x00000000c2800000)
 PSPermGen       total 21504K, used 6918K [0x00000000b5a00000, 0x00000000b6f00000, 0x00000000c0000000)
  object space 21504K, 32% used [0x00000000b5a00000,0x00000000b60c1ad0,0x00000000b6f00000)

Deoptimization events (5 events):
Event: 5.007 Thread 0x00007f5f0800a800 Uncommon trap: reason=class_check action=maybe_recompile pc=0x00007f5f0509ed04 method=com.android.dex.Leb128.readUnsignedLeb128(Lcom/android/dex/util/ByteInput;)I @ 5
Event: 5.027 Thread 0x00007f5f0800a800 Uncommon trap: reason=class_check action=maybe_recompile pc=0x00007f5f0509ed04 method=com.android.dex.Leb128.readUnsignedLeb128(Lcom/android/dex/util/ByteInput;)I @ 5
Event: 5.027 Thread 0x00007f5f0800a800 Uncommon trap: reason=class_check action=maybe_recompile pc=0x00007f5f0509ed04 method=com.android.dex.Leb128.readUnsignedLeb128(Lcom/android/dex/util/ByteInput;)I @ 5
Event: 5.027 Thread 0x00007f5f0800a800 Uncommon trap: reason=class_check action=maybe_recompile pc=0x00007f5f0509ed04 method=com.android.dex.Leb128.readUnsignedLeb128(Lcom/android/dex/util/ByteInput;)I @ 5
Event: 5.231 Thread 0x00007f5f0800a800 Uncommon trap: reason=predicate action=maybe_recompile pc=0x00007f5f050ab178 method=com.android.dex.Leb128.readUnsignedLeb128(Lcom/android/dex/util/ByteInput;)I @ 41

Internal exceptions (10 events):
Event: 4.835 Thread 0x00007f5f0800a800 Threw 0x00000000eb308690 at /build/buildd/openjdk-7-7u71-2.5.3/build/openjdk/hotspot/src/share/vm/prims/jvm.cpp:1284
Event: 4.835 Thread 0x00007f5f0800a800 Threw 0x00000000eb30c328 at /build/buildd/openjdk-7-7u71-2.5.3/build/openjdk/hotspot/src/share/vm/prims/jvm.cpp:1284
Event: 4.836 Thread 0x00007f5f0800a800 Threw 0x00000000eb310110 at /build/buildd/openjdk-7-7u71-2.5.3/build/openjdk/hotspot/src/share/vm/prims/jvm.cpp:1284
Event: 4.837 Thread 0x00007f5f0800a800 Threw 0x00000000eb3160f8 at /build/buildd/openjdk-7-7u71-2.5.3/build/openjdk/hotspot/src/share/vm/prims/jvm.cpp:1284
Event: 4.838 Thread 0x00007f5f0800a800 Threw 0x00000000eb319c10 at /build/buildd/openjdk-7-7u71-2.5.3/build/openjdk/hotspot/src/share/vm/prims/jvm.cpp:1284
Event: 4.838 Thread 0x00007f5f0800a800 Threw 0x00000000eb31d920 at /build/buildd/openjdk-7-7u71-2.5.3/build/openjdk/hotspot/src/share/vm/prims/jvm.cpp:1284
Event: 4.839 Thread 0x00007f5f0800a800 Threw 0x00000000eb3213a0 at /build/buildd/openjdk-7-7u71-2.5.3/build/openjdk/hotspot/src/share/vm/prims/jvm.cpp:1284
Event: 4.841 Thread 0x00007f5f0800a800 Threw 0x00000000eb328ec8 at /build/buildd/openjdk-7-7u71-2.5.3/build/openjdk/hotspot/src/share/vm/prims/jvm.cpp:1284
Event: 4.841 Thread 0x00007f5f0800a800 Threw 0x00000000eb32ba88 at /build/buildd/openjdk-7-7u71-2.5.3/build/openjdk/hotspot/src/share/vm/prims/jvm.cpp:1284
Event: 5.355 Thread 0x00007f5f0800a800 Threw 0x00000000eb08f600 at /build/buildd/openjdk-7-7u71-2.5.3/build/openjdk/hotspot/src/share/vm/prims/jvm.cpp:1284

Events (10 events):
Event: 5.114 Executing VM operation: EnableBiasedLocking
Event: 5.127 Executing VM operation: EnableBiasedLocking done
Event: 5.153 Executing VM operation: ParallelGCFailedAllocation
Event: 5.179 Executing VM operation: ParallelGCFailedAllocation done
Event: 5.231 Thread 0x00007f5f0800a800 Uncommon trap: trap_request=0xffffff86 fr.pc=0x00007f5f050ab178
Event: 5.231 Thread 0x00007f5f0800a800 DEOPT PACKING pc=0x00007f5f050ab178 sp=0x00007f5f109e02b0
Event: 5.231 Thread 0x00007f5f0800a800 DEOPT UNPACKING pc=0x00007f5f05039045 sp=0x00007f5f109e0278 mode 2
Event: 5.355 loading class 0x00007f5f0826ef40
Event: 5.355 loading class 0x00007f5f0826ef40 done
Event: 17.825 Executing VM operation: ParallelGCFailedAllocation


Dynamic libraries:
00400000-00401000 r-xp 00000000 07:00 23789                              /usr/lib/jvm/java-7-openjdk-amd64/jre/bin/java
00600000-00601000 r--p 00000000 07:00 23789                              /usr/lib/jvm/java-7-openjdk-amd64/jre/bin/java
00601000-00602000 rw-p 00001000 07:00 23789                              /usr/lib/jvm/java-7-openjdk-amd64/jre/bin/java
02451000-02472000 rw-p 00000000 00:00 0                                  [heap]
b5a00000-b6f00000 rw-p 00000000 00:00 0 
b6f00000-c0000000 rw-p 00000000 00:00 0 
c0000000-c2800000 rw-p 00000000 00:00 0 
c2800000-eaa80000 rw-p 00000000 00:00 0 
eaa80000-ece80000 rw-p 00000000 00:00 0 
eed80000-100000000 rw-p 00000000 00:00 0 
7f5ec8000000-7f5ec8021000 rw-p 00000000 00:00 0 
7f5ec8021000-7f5ecc000000 ---p 00000000 00:00 0 
7f5ed0000000-7f5ed07c0000 rw-p 00000000 00:00 0 
7f5ed07c0000-7f5ed4000000 ---p 00000000 00:00 0 
7f5ed4000000-7f5ed4021000 rw-p 00000000 00:00 0 
7f5ed4021000-7f5ed8000000 ---p 00000000 00:00 0 
7f5ed8000000-7f5ed8021000 rw-p 00000000 00:00 0 
7f5ed8021000-7f5edc000000 ---p 00000000 00:00 0 
7f5edc000000-7f5edc55b000 rw-p 00000000 00:00 0 
7f5edc55b000-7f5ee0000000 ---p 00000000 00:00 0 
7f5ee0000000-7f5ee0021000 rw-p 00000000 00:00 0 
7f5ee0021000-7f5ee4000000 ---p 00000000 00:00 0 
7f5ee4000000-7f5ee4021000 rw-p 00000000 00:00 0 
7f5ee4021000-7f5ee8000000 ---p 00000000 00:00 0 
7f5ee8000000-7f5ee8021000 rw-p 00000000 00:00 0 
7f5ee8021000-7f5eec000000 ---p 00000000 00:00 0 
7f5eec000000-7f5eec0e1000 rw-p 00000000 00:00 0 
7f5eec0e1000-7f5ef0000000 ---p 00000000 00:00 0 
7f5ef0000000-7f5ef0021000 rw-p 00000000 00:00 0 
7f5ef0021000-7f5ef4000000 ---p 00000000 00:00 0 
7f5ef5ad0000-7f5ef8000000 rw-p 00000000 00:00 0 
7f5ef8000000-7f5ef8021000 rw-p 00000000 00:00 0 
7f5ef8021000-7f5efc000000 ---p 00000000 00:00 0 
7f5efe41e000-7f5efe57f000 rw-p 00000000 00:00 0 
7f5efe57f000-7f5efe5bc000 r-xp 00000000 07:00 10135                      /lib/x86_64-linux-gnu/libpcre.so.3.13.1
7f5efe5bc000-7f5efe7bb000 ---p 0003d000 07:00 10135                      /lib/x86_64-linux-gnu/libpcre.so.3.13.1
7f5efe7bb000-7f5efe7bc000 r--p 0003c000 07:00 10135                      /lib/x86_64-linux-gnu/libpcre.so.3.13.1
7f5efe7bc000-7f5efe7bd000 rw-p 0003d000 07:00 10135                      /lib/x86_64-linux-gnu/libpcre.so.3.13.1
7f5efe7bd000-7f5efe7c4000 r-xp 00000000 07:00 50611                      /usr/lib/x86_64-linux-gnu/libffi.so.6.0.1
7f5efe7c4000-7f5efe9c3000 ---p 00007000 07:00 50611                      /usr/lib/x86_64-linux-gnu/libffi.so.6.0.1
7f5efe9c3000-7f5efe9c4000 r--p 00006000 07:00 50611                      /usr/lib/x86_64-linux-gnu/libffi.so.6.0.1
7f5efe9c4000-7f5efe9c5000 rw-p 00007000 07:00 50611                      /usr/lib/x86_64-linux-gnu/libffi.so.6.0.1
7f5efe9c5000-7f5efe9dc000 r-xp 00000000 07:00 10158                      /lib/x86_64-linux-gnu/libresolv-2.19.so
7f5efe9dc000-7f5efebdc000 ---p 00017000 07:00 10158                      /lib/x86_64-linux-gnu/libresolv-2.19.so
7f5efebdc000-7f5efebdd000 r--p 00017000 07:00 10158                      /lib/x86_64-linux-gnu/libresolv-2.19.so
7f5efebdd000-7f5efebde000 rw-p 00018000 07:00 10158                      /lib/x86_64-linux-gnu/libresolv-2.19.so
7f5efebde000-7f5efebe0000 rw-p 00000000 00:00 0 
7f5efebe0000-7f5efec00000 r-xp 00000000 07:00 10162                      /lib/x86_64-linux-gnu/libselinux.so.1
7f5efec00000-7f5efedff000 ---p 00020000 07:00 10162                      /lib/x86_64-linux-gnu/libselinux.so.1
7f5efedff000-7f5efee00000 r--p 0001f000 07:00 10162                      /lib/x86_64-linux-gnu/libselinux.so.1
7f5efee00000-7f5efee01000 rw-p 00020000 07:00 10162                      /lib/x86_64-linux-gnu/libselinux.so.1
7f5efee01000-7f5efee03000 rw-p 00000000 00:00 0 
7f5efee03000-7f5efee06000 r-xp 00000000 07:00 50763                      /usr/lib/x86_64-linux-gnu/libgmodule-2.0.so.0.4002.0
7f5efee06000-7f5eff005000 ---p 00003000 07:00 50763                      /usr/lib/x86_64-linux-gnu/libgmodule-2.0.so.0.4002.0
7f5eff005000-7f5eff006000 r--p 00002000 07:00 50763                      /usr/lib/x86_64-linux-gnu/libgmodule-2.0.so.0.4002.0
7f5eff006000-7f5eff007000 rw-p 00003000 07:00 50763                      /usr/lib/x86_64-linux-gnu/libgmodule-2.0.so.0.4002.0
7f5eff007000-7f5eff10d000 r-xp 00000000 07:00 10062                      /lib/x86_64-linux-gnu/libglib-2.0.so.0.4002.0
7f5eff10d000-7f5eff30c000 ---p 00106000 07:00 10062                      /lib/x86_64-linux-gnu/libglib-2.0.so.0.4002.0
7f5eff30c000-7f5eff30d000 r--p 00105000 07:00 10062                      /lib/x86_64-linux-gnu/libglib-2.0.so.0.4002.0
7f5eff30d000-7f5eff30e000 rw-p 00106000 07:00 10062                      /lib/x86_64-linux-gnu/libglib-2.0.so.0.4002.0
7f5eff30e000-7f5eff30f000 rw-p 00000000 00:00 0 
7f5eff30f000-7f5eff35e000 r-xp 00000000 07:00 50795                      /usr/lib/x86_64-linux-gnu/libgobject-2.0.so.0.4002.0
7f5eff35e000-7f5eff55e000 ---p 0004f000 07:00 50795                      /usr/lib/x86_64-linux-gnu/libgobject-2.0.so.0.4002.0
7f5eff55e000-7f5eff55f000 r--p 0004f000 07:00 50795                      /usr/lib/x86_64-linux-gnu/libgobject-2.0.so.0.4002.0
7f5eff55f000-7f5eff560000 rw-p 00050000 07:00 50795                      /usr/lib/x86_64-linux-gnu/libgobject-2.0.so.0.4002.0
7f5eff560000-7f5eff6cc000 r-xp 00000000 07:00 50740                      /usr/lib/x86_64-linux-gnu/libgio-2.0.so.0.4002.0
7f5eff6cc000-7f5eff8cb000 ---p 0016c000 07:00 50740                      /usr/lib/x86_64-linux-gnu/libgio-2.0.so.0.4002.0
7f5eff8cb000-7f5eff8cf000 r--p 0016b000 07:00 50740                      /usr/lib/x86_64-linux-gnu/libgio-2.0.so.0.4002.0
7f5eff8cf000-7f5eff8d1000 rw-p 0016f000 07:00 50740                      /usr/lib/x86_64-linux-gnu/libgio-2.0.so.0.4002.0
7f5eff8d1000-7f5eff8d3000 rw-p 00000000 00:00 0 
7f5eff8d3000-7f5eff8ea000 r-xp 00000000 07:00 23837                      /usr/lib/jvm/java-7-openjdk-amd64/jre/lib/amd64/libnet.so
7f5eff8ea000-7f5effae9000 ---p 00017000 07:00 23837                      /usr/lib/jvm/java-7-openjdk-amd64/jre/lib/amd64/libnet.so
7f5effae9000-7f5effaea000 r--p 00016000 07:00 23837                      /usr/lib/jvm/java-7-openjdk-amd64/jre/lib/amd64/libnet.so
7f5effaea000-7f5effaeb000 rw-p 00017000 07:00 23837                      /usr/lib/jvm/java-7-openjdk-amd64/jre/lib/amd64/libnet.so
7f5effaeb000-7f5effafb000 r-xp 00000000 07:00 23838                      /usr/lib/jvm/java-7-openjdk-amd64/jre/lib/amd64/libnio.so
7f5effafb000-7f5effcfb000 ---p 00010000 07:00 23838                      /usr/lib/jvm/java-7-openjdk-amd64/jre/lib/amd64/libnio.so
7f5effcfb000-7f5effcfc000 r--p 00010000 07:00 23838                      /usr/lib/jvm/java-7-openjdk-amd64/jre/lib/amd64/libnio.so
7f5effcfc000-7f5effcfd000 rw-p 00011000 07:00 23838                      /usr/lib/jvm/java-7-openjdk-amd64/jre/lib/amd64/libnio.so
7f5effcfd000-7f5effcfe000 ---p 00000000 00:00 0 
7f5effcfe000-7f5effdfe000 rw-p 00000000 00:00 0                          [stack:7530]
7f5effdfe000-7f5effe01000 ---p 00000000 00:00 0 
7f5effe01000-7f5effeff000 rw-p 00000000 00:00 0                          [stack:7529]
7f5effeff000-7f5efff02000 ---p 00000000 00:00 0 
7f5efff02000-7f5f00000000 rw-p 00000000 00:00 0                          [stack:7528]
7f5f00000000-7f5f00021000 rw-p 00000000 00:00 0 
7f5f00021000-7f5f04000000 ---p 00000000 00:00 0 
7f5f0402a000-7f5f0402d000 ---p 00000000 00:00 0 
7f5f0402d000-7f5f0412b000 rw-p 00000000 00:00 0                          [stack:7527]
7f5f0412b000-7f5f0412e000 ---p 00000000 00:00 0 
7f5f0412e000-7f5f0422c000 rw-p 00000000 00:00 0                          [stack:7526]
7f5f0422c000-7f5f044f5000 r--p 00000000 07:00 28888                      /usr/lib/locale/locale-archive
7f5f044f5000-7f5f044f8000 ---p 00000000 00:00 0 
7f5f044f8000-7f5f045f6000 rw-p 00000000 00:00 0                          [stack:7525]
7f5f045f6000-7f5f045f9000 ---p 00000000 00:00 0 
7f5f045f9000-7f5f046f7000 rw-p 00000000 00:00 0                          [stack:7524]
7f5f046f7000-7f5f046f8000 ---p 00000000 00:00 0 
7f5f046f8000-7f5f05000000 rw-p 00000000 00:00 0                          [stack:7523]
7f5f05000000-7f5f05270000 rwxp 00000000 00:00 0 
7f5f05270000-7f5f0829a000 rw-p 00000000 00:00 0 
7f5f0829a000-7f5f0c000000 ---p 00000000 00:00 0 
7f5f0c028000-7f5f0c02d000 r--s 0004c000 07:00 23890                      /usr/lib/jvm/java-7-openjdk-amd64/jre/lib/jsse.jar
7f5f0c02d000-7f5f0c03c000 r--s 000dd000 08:02 131260                     /home/student/Android/Sdk/build-tools/21.1.2/lib/dx.jar
7f5f0c03c000-7f5f0c831000 rw-p 00000000 00:00 0 
7f5f0c831000-7f5f0c9e2000 r--s 01d25000 07:00 23905                      /usr/lib/jvm/java-7-openjdk-amd64/jre/lib/rt.jar
7f5f0c9e2000-7f5f0cd2e000 rw-p 00000000 00:00 0 
7f5f0cd2e000-7f5f0cd2f000 ---p 00000000 00:00 0 
7f5f0cd2f000-7f5f0ce2f000 rw-p 00000000 00:00 0                          [stack:7522]
7f5f0ce2f000-7f5f0ce30000 ---p 00000000 00:00 0 
7f5f0ce30000-7f5f0cf30000 rw-p 00000000 00:00 0                          [stack:7521]
7f5f0cf30000-7f5f0cf31000 ---p 00000000 00:00 0 
7f5f0cf31000-7f5f0d031000 rw-p 00000000 00:00 0                          [stack:7520]
7f5f0d031000-7f5f0d032000 ---p 00000000 00:00 0 
7f5f0d032000-7f5f0d13d000 rw-p 00000000 00:00 0                          [stack:7519]
7f5f0d13d000-7f5f0d185000 rw-p 00000000 00:00 0 
7f5f0d185000-7f5f0d199000 rw-p 00000000 00:00 0 
7f5f0d199000-7f5f0d2db000 rw-p 00000000 00:00 0 
7f5f0d2db000-7f5f0d2e6000 rw-p 00000000 00:00 0 
7f5f0d2e6000-7f5f0d32e000 rw-p 00000000 00:00 0 
7f5f0d32e000-7f5f0d342000 rw-p 00000000 00:00 0 
7f5f0d342000-7f5f0d483000 rw-p 00000000 00:00 0 
7f5f0d483000-7f5f0d496000 rw-p 00000000 00:00 0 
7f5f0d496000-7f5f0d52e000 rw-p 00000000 00:00 0 
7f5f0d52e000-7f5f0d52f000 rw-p 00000000 00:00 0 
7f5f0d52f000-7f5f0d537000 r-xp 00000000 07:00 23845                      /usr/lib/jvm/java-7-openjdk-amd64/jre/lib/amd64/libzip.so
7f5f0d537000-7f5f0d736000 ---p 00008000 07:00 23845                      /usr/lib/jvm/java-7-openjdk-amd64/jre/lib/amd64/libzip.so
7f5f0d736000-7f5f0d737000 r--p 00007000 07:00 23845                      /usr/lib/jvm/java-7-openjdk-amd64/jre/lib/amd64/libzip.so
7f5f0d737000-7f5f0d738000 rw-p 00008000 07:00 23845                      /usr/lib/jvm/java-7-openjdk-amd64/jre/lib/amd64/libzip.so
7f5f0d738000-7f5f0d743000 r-xp 00000000 07:00 10107                      /lib/x86_64-linux-gnu/libnss_files-2.19.so
7f5f0d743000-7f5f0d942000 ---p 0000b000 07:00 10107                      /lib/x86_64-linux-gnu/libnss_files-2.19.so
7f5f0d942000-7f5f0d943000 r--p 0000a000 07:00 10107                      /lib/x86_64-linux-gnu/libnss_files-2.19.so
7f5f0d943000-7f5f0d944000 rw-p 0000b000 07:00 10107                      /lib/x86_64-linux-gnu/libnss_files-2.19.so
7f5f0d944000-7f5f0d94f000 r-xp 00000000 07:00 10117                      /lib/x86_64-linux-gnu/libnss_nis-2.19.so
7f5f0d94f000-7f5f0db4e000 ---p 0000b000 07:00 10117                      /lib/x86_64-linux-gnu/libnss_nis-2.19.so
7f5f0db4e000-7f5f0db4f000 r--p 0000a000 07:00 10117                      /lib/x86_64-linux-gnu/libnss_nis-2.19.so
7f5f0db4f000-7f5f0db50000 rw-p 0000b000 07:00 10117                      /lib/x86_64-linux-gnu/libnss_nis-2.19.so
7f5f0db50000-7f5f0db67000 r-xp 00000000 07:00 10101                      /lib/x86_64-linux-gnu/libnsl-2.19.so
7f5f0db67000-7f5f0dd66000 ---p 00017000 07:00 10101                      /lib/x86_64-linux-gnu/libnsl-2.19.so
7f5f0dd66000-7f5f0dd67000 r--p 00016000 07:00 10101                      /lib/x86_64-linux-gnu/libnsl-2.19.so
7f5f0dd67000-7f5f0dd68000 rw-p 00017000 07:00 10101                      /lib/x86_64-linux-gnu/libnsl-2.19.so
7f5f0dd68000-7f5f0dd6a000 rw-p 00000000 00:00 0 
7f5f0dd6a000-7f5f0dd73000 r-xp 00000000 07:00 10103                      /lib/x86_64-linux-gnu/libnss_compat-2.19.so
7f5f0dd73000-7f5f0df72000 ---p 00009000 07:00 10103                      /lib/x86_64-linux-gnu/libnss_compat-2.19.so
7f5f0df72000-7f5f0df73000 r--p 00008000 07:00 10103                      /lib/x86_64-linux-gnu/libnss_compat-2.19.so
7f5f0df73000-7f5f0df74000 rw-p 00009000 07:00 10103                      /lib/x86_64-linux-gnu/libnss_compat-2.19.so
7f5f0df74000-7f5f0df9f000 r-xp 00000000 07:00 23824                      /usr/lib/jvm/java-7-openjdk-amd64/jre/lib/amd64/libjava.so
7f5f0df9f000-7f5f0e19e000 ---p 0002b000 07:00 23824                      /usr/lib/jvm/java-7-openjdk-amd64/jre/lib/amd64/libjava.so
7f5f0e19e000-7f5f0e19f000 r--p 0002a000 07:00 23824                      /usr/lib/jvm/java-7-openjdk-amd64/jre/lib/amd64/libjava.so
7f5f0e19f000-7f5f0e1a1000 rw-p 0002b000 07:00 23824                      /usr/lib/jvm/java-7-openjdk-amd64/jre/lib/amd64/libjava.so
7f5f0e1a1000-7f5f0e1b1000 r-xp 00000000 07:00 23844                      /usr/lib/jvm/java-7-openjdk-amd64/jre/lib/amd64/libverify.so
7f5f0e1b1000-7f5f0e3b0000 ---p 00010000 07:00 23844                      /usr/lib/jvm/java-7-openjdk-amd64/jre/lib/amd64/libverify.so
7f5f0e3b0000-7f5f0e3b2000 r--p 0000f000 07:00 23844                      /usr/lib/jvm/java-7-openjdk-amd64/jre/lib/amd64/libverify.so
7f5f0e3b2000-7f5f0e3b3000 rw-p 00011000 07:00 23844                      /usr/lib/jvm/java-7-openjdk-amd64/jre/lib/amd64/libverify.so
7f5f0e3b3000-7f5f0e3ba000 r-xp 00000000 07:00 10160                      /lib/x86_64-linux-gnu/librt-2.19.so
7f5f0e3ba000-7f5f0e5b9000 ---p 00007000 07:00 10160                      /lib/x86_64-linux-gnu/librt-2.19.so
7f5f0e5b9000-7f5f0e5ba000 r--p 00006000 07:00 10160                      /lib/x86_64-linux-gnu/librt-2.19.so
7f5f0e5ba000-7f5f0e5bb000 rw-p 00007000 07:00 10160                      /lib/x86_64-linux-gnu/librt-2.19.so
7f5f0e5bb000-7f5f0e5d1000 r-xp 00000000 07:00 10056                      /lib/x86_64-linux-gnu/libgcc_s.so.1
7f5f0e5d1000-7f5f0e7d0000 ---p 00016000 07:00 10056                      /lib/x86_64-linux-gnu/libgcc_s.so.1
7f5f0e7d0000-7f5f0e7d1000 rw-p 00015000 07:00 10056                      /lib/x86_64-linux-gnu/libgcc_s.so.1
7f5f0e7d1000-7f5f0e8d6000 r-xp 00000000 07:00 10082                      /lib/x86_64-linux-gnu/libm-2.19.so
7f5f0e8d6000-7f5f0ead5000 ---p 00105000 07:00 10082                      /lib/x86_64-linux-gnu/libm-2.19.so
7f5f0ead5000-7f5f0ead6000 r--p 00104000 07:00 10082                      /lib/x86_64-linux-gnu/libm-2.19.so
7f5f0ead6000-7f5f0ead7000 rw-p 00105000 07:00 10082                      /lib/x86_64-linux-gnu/libm-2.19.so
7f5f0ead7000-7f5f0ebbd000 r-xp 00000000 07:00 51535                      /usr/lib/x86_64-linux-gnu/libstdc++.so.6.0.19
7f5f0ebbd000-7f5f0edbc000 ---p 000e6000 07:00 51535                      /usr/lib/x86_64-linux-gnu/libstdc++.so.6.0.19
7f5f0edbc000-7f5f0edc4000 r--p 000e5000 07:00 51535                      /usr/lib/x86_64-linux-gnu/libstdc++.so.6.0.19
7f5f0edc4000-7f5f0edc6000 rw-p 000ed000 07:00 51535                      /usr/lib/x86_64-linux-gnu/libstdc++.so.6.0.19
7f5f0edc6000-7f5f0eddb000 rw-p 00000000 00:00 0 
7f5f0eddb000-7f5f0f8f1000 r-xp 00000000 07:00 23850                      /usr/lib/jvm/java-7-openjdk-amd64/jre/lib/amd64/server/libjvm.so
7f5f0f8f1000-7f5f0faf0000 ---p 00b16000 07:00 23850                      /usr/lib/jvm/java-7-openjdk-amd64/jre/lib/amd64/server/libjvm.so
7f5f0faf0000-7f5f0fb8a000 r--p 00b15000 07:00 23850                      /usr/lib/jvm/java-7-openjdk-amd64/jre/lib/amd64/server/libjvm.so
7f5f0fb8a000-7f5f0fbad000 rw-p 00baf000 07:00 23850                      /usr/lib/jvm/java-7-openjdk-amd64/jre/lib/amd64/server/libjvm.so
7f5f0fbad000-7f5f0fbdb000 rw-p 00000000 00:00 0 
7f5f0fbdb000-7f5f0fbf3000 r-xp 00000000 07:00 10195                      /lib/x86_64-linux-gnu/libz.so.1.2.8
7f5f0fbf3000-7f5f0fdf2000 ---p 00018000 07:00 10195                      /lib/x86_64-linux-gnu/libz.so.1.2.8
7f5f0fdf2000-7f5f0fdf3000 r--p 00017000 07:00 10195                      /lib/x86_64-linux-gnu/libz.so.1.2.8
7f5f0fdf3000-7f5f0fdf4000 rw-p 00018000 07:00 10195                      /lib/x86_64-linux-gnu/libz.so.1.2.8
7f5f0fdf4000-7f5f0fe0d000 r-xp 00000000 07:00 10152                      /lib/x86_64-linux-gnu/libpthread-2.19.so
7f5f0fe0d000-7f5f1000c000 ---p 00019000 07:00 10152                      /lib/x86_64-linux-gnu/libpthread-2.19.so
7f5f1000c000-7f5f1000d000 r--p 00018000 07:00 10152                      /lib/x86_64-linux-gnu/libpthread-2.19.so
7f5f1000d000-7f5f1000e000 rw-p 00019000 07:00 10152                      /lib/x86_64-linux-gnu/libpthread-2.19.so
7f5f1000e000-7f5f10012000 rw-p 00000000 00:00 0 
7f5f10012000-7f5f10015000 r-xp 00000000 07:00 10046                      /lib/x86_64-linux-gnu/libdl-2.19.so
7f5f10015000-7f5f10214000 ---p 00003000 07:00 10046                      /lib/x86_64-linux-gnu/libdl-2.19.so
7f5f10214000-7f5f10215000 r--p 00002000 07:00 10046                      /lib/x86_64-linux-gnu/libdl-2.19.so
7f5f10215000-7f5f10216000 rw-p 00003000 07:00 10046                      /lib/x86_64-linux-gnu/libdl-2.19.so
7f5f10216000-7f5f103d1000 r-xp 00000000 07:00 10029                      /lib/x86_64-linux-gnu/libc-2.19.so
7f5f103d1000-7f5f105d1000 ---p 001bb000 07:00 10029                      /lib/x86_64-linux-gnu/libc-2.19.so
7f5f105d1000-7f5f105d5000 r--p 001bb000 07:00 10029                      /lib/x86_64-linux-gnu/libc-2.19.so
7f5f105d5000-7f5f105d7000 rw-p 001bf000 07:00 10029                      /lib/x86_64-linux-gnu/libc-2.19.so
7f5f105d7000-7f5f105dc000 rw-p 00000000 00:00 0 
7f5f105dc000-7f5f105e9000 r-xp 00000000 07:00 23809                      /usr/lib/jvm/java-7-openjdk-amd64/jre/lib/amd64/jli/libjli.so
7f5f105e9000-7f5f107e8000 ---p 0000d000 07:00 23809                      /usr/lib/jvm/java-7-openjdk-amd64/jre/lib/amd64/jli/libjli.so
7f5f107e8000-7f5f107e9000 r--p 0000c000 07:00 23809                      /usr/lib/jvm/java-7-openjdk-amd64/jre/lib/amd64/jli/libjli.so
7f5f107e9000-7f5f107ea000 rw-p 0000d000 07:00 23809                      /usr/lib/jvm/java-7-openjdk-amd64/jre/lib/amd64/jli/libjli.so
7f5f107ea000-7f5f1080d000 r-xp 00000000 07:00 10005                      /lib/x86_64-linux-gnu/ld-2.19.so
7f5f1080d000-7f5f1080e000 rw-p 00000000 00:00 0 
7f5f1080e000-7f5f10810000 r--s 00012000 07:00 23873                      /usr/lib/jvm/java-7-openjdk-amd64/jre/lib/ext/zipfs.jar
7f5f10810000-7f5f10814000 r--s 0003c000 07:00 23872                      /usr/lib/jvm/java-7-openjdk-amd64/jre/lib/ext/sunpkcs11.jar
7f5f10814000-7f5f10818000 r--s 00034000 07:00 23871                      /usr/lib/jvm/java-7-openjdk-amd64/jre/lib/ext/sunjce_provider.jar
7f5f10818000-7f5f1081c000 r--s 00085000 07:00 23870                      /usr/lib/jvm/java-7-openjdk-amd64/jre/lib/ext/localedata.jar
7f5f1081c000-7f5f1081e000 r--s 00006000 07:00 138580                     /usr/share/java/java-atk-wrapper.jar
7f5f1081e000-7f5f10821000 r--s 0000f000 07:00 23867                      /usr/lib/jvm/java-7-openjdk-amd64/jre/lib/ext/icedtea-sound.jar
7f5f10821000-7f5f1082b000 rw-p 00000000 00:00 0 
7f5f1082b000-7f5f108e1000 rw-p 00000000 00:00 0 
7f5f108e1000-7f5f108e4000 ---p 00000000 00:00 0 
7f5f108e4000-7f5f109e7000 rw-p 00000000 00:00 0                          [stack:7518]
7f5f109e7000-7f5f109e8000 r--s 00002000 07:00 23866                      /usr/lib/jvm/java-7-openjdk-amd64/jre/lib/ext/dnsns.jar
7f5f109e8000-7f5f10a00000 rw-p 00000000 00:00 0 
7f5f10a00000-7f5f10a08000 rw-s 00000000 00:15 159414                     /tmp/hsperfdata_student/7513
7f5f10a08000-7f5f10a09000 rw-p 00000000 00:00 0 
7f5f10a09000-7f5f10a0a000 ---p 00000000 00:00 0 
7f5f10a0a000-7f5f10a0c000 rw-p 00000000 00:00 0 
7f5f10a0c000-7f5f10a0d000 r--p 00022000 07:00 10005                      /lib/x86_64-linux-gnu/ld-2.19.so
7f5f10a0d000-7f5f10a0e000 rw-p 00023000 07:00 10005                      /lib/x86_64-linux-gnu/ld-2.19.so
7f5f10a0e000-7f5f10a0f000 rw-p 00000000 00:00 0 
7fff4aeac000-7fff4aecd000 rw-p 00000000 00:00 0                          [stack]
7fff4af0d000-7fff4af0f000 r-xp 00000000 00:00 0                          [vdso]
ffffffffff600000-ffffffffff601000 r-xp 00000000 00:00 0                  [vsyscall]

VM Arguments:
jvm_args: -Xmx1024M -Dfile.encoding=UTF-8 -Duser.country=US -Duser.language=en -Duser.variant 
java_command: com.android.dx.command.Main --dex --output /home/student/Documents/project/DrugProducts/app/build/intermediates/dex/debug /home/student/Documents/project/DrugProducts/app/build/intermediates/classes/debug /home/student/Documents/project/DrugProducts/app/build/intermediates/pre-dexed/debug/support-annotations-22.0.0-30997e91782b0dda3bcf15f15d987f5e162407f4.jar /home/student/Documents/project/DrugProducts/app/build/intermediates/pre-dexed/debug/internal_impl-22.0.0-87b875093b6605a40bdfb5bffa3083a5004f3d89.jar /home/student/Documents/project/DrugProducts/app/build/intermediates/pre-dexed/debug/classes-0af338c5da71761c46292bdbb35508106ec3416b.jar /home/student/Documents/project/DrugProducts/app/build/intermediates/pre-dexed/debug/classes-3a10e812bdc7a1e023b6c2890ebdc19099dfdf84.jar
Launcher Type: SUN_STANDARD

Environment Variables:
CLASSPATH=/home/student/android-studio/bin/../lib/bootstrap.jar:/home/student/android-studio/bin/../lib/extensions.jar:/home/student/android-studio/bin/../lib/util.jar:/home/student/android-studio/bin/../lib/jdom.jar:/home/student/android-studio/bin/../lib/log4j.jar:/home/student/android-studio/bin/../lib/trove4j.jar:/home/student/android-studio/bin/../lib/jna.jar:/usr/lib/jvm/java-7-openjdk-amd64/lib/tools.jar
PATH=/usr/local/sbin:/usr/local/bin:/usr/sbin:/usr/bin:/sbin:/bin:/usr/games:/usr/local/games
USERNAME=student
LD_LIBRARY_PATH=/home/student/android-studio/bin:
SHELL=/bin/bash
DISPLAY=:0.0

Signal Handlers:
SIGSEGV: [libjvm.so+0x9495e0], sa_mask[0]=0x7ffbfeff, sa_flags=0x10000004
SIGBUS: [libjvm.so+0x9495e0], sa_mask[0]=0x7ffbfeff, sa_flags=0x10000004
SIGFPE: [libjvm.so+0x7c3410], sa_mask[0]=0x7ffbfeff, sa_flags=0x10000004
SIGPIPE: [libjvm.so+0x7c3410], sa_mask[0]=0x7ffbfeff, sa_flags=0x10000004
SIGXFSZ: [libjvm.so+0x7c3410], sa_mask[0]=0x7ffbfeff, sa_flags=0x10000004
